<?xml version="1.0" encoding="UTF-8"?>
<!-- Generated by org.testng.reporters.JUnitReportReporter -->
<testsuite hostname="LAPTOP-S4NMCVRK" failures="0" tests="2" name="test.GetRequest" time="4.389" errors="0" timestamp="2024-02-04T15:56:41 GMT" skipped="0">
  <testcase classname="test.GetRequest" name="test_1" time="2.905"/>
  <testcase classname="test.GetRequest" name="test_2" time="1.484"/>
</testsuite> <!-- test.GetRequest -->
