<?xml version="1.0" encoding="UTF-8"?>
<!-- Generated by org.testng.reporters.JUnitReportReporter -->
<testsuite hostname="LAPTOP-S4NMCVRK" failures="0" tests="1" name="test.SoapRequest" time="2.085" errors="0" timestamp="2024-02-04T16:07:25 GMT" skipped="0">
  <testcase classname="test.SoapRequest" name="SoapRequest" time="2.085"/>
</testsuite> <!-- test.SoapRequest -->
